0 info it worked if it ends with ok
1 verbose cli [ '/home/michael/.node/bin/node',
1 verbose cli   '/home/michael/.node/bin/npm',
1 verbose cli   'install',
1 verbose cli   '–save',
1 verbose cli   'body-parser' ]
2 info using npm@1.4.28
3 info using node@v0.10.36
4 warn package.json package.json@0.0.0 No repository field.
5 warn package.json package.json@0.0.0 No README data
6 verbose readDependencies using package.json deps
7 verbose cache add [ '–save', null ]
8 verbose cache add name=undefined spec="–save" args=["–save",null]
9 verbose parsed url { protocol: null,
9 verbose parsed url   slashes: null,
9 verbose parsed url   auth: null,
9 verbose parsed url   host: null,
9 verbose parsed url   port: null,
9 verbose parsed url   hostname: null,
9 verbose parsed url   hash: null,
9 verbose parsed url   search: null,
9 verbose parsed url   query: null,
9 verbose parsed url   pathname: '–save',
9 verbose parsed url   path: '–save',
9 verbose parsed url   href: '–save' }
10 verbose cache add [ 'body-parser', null ]
11 verbose cache add name=undefined spec="body-parser" args=["body-parser",null]
12 verbose parsed url { protocol: null,
12 verbose parsed url   slashes: null,
12 verbose parsed url   auth: null,
12 verbose parsed url   host: null,
12 verbose parsed url   port: null,
12 verbose parsed url   hostname: null,
12 verbose parsed url   hash: null,
12 verbose parsed url   search: null,
12 verbose parsed url   query: null,
12 verbose parsed url   pathname: 'body-parser',
12 verbose parsed url   path: 'body-parser',
12 verbose parsed url   href: 'body-parser' }
13 silly lockFile 38d7024e-save –save
14 verbose lock –save /home/michael/.npm/38d7024e-save.lock
15 silly lockFile 14cf125c-body-parser body-parser
16 verbose lock body-parser /home/michael/.npm/14cf125c-body-parser.lock
17 silly lockFile 38d7024e-save –save
18 silly lockFile 38d7024e-save –save
19 silly lockFile 14cf125c-body-parser body-parser
20 silly lockFile 14cf125c-body-parser body-parser
21 verbose addNamed [ '–save', '' ]
22 verbose addNamed [ null, '*' ]
23 silly lockFile 0fa5ff4a-save –save@
24 verbose lock –save@ /home/michael/.npm/0fa5ff4a-save.lock
25 verbose addNamed [ 'body-parser', '' ]
26 verbose addNamed [ null, '*' ]
27 silly lockFile 9f665704-body-parser body-parser@
28 verbose lock body-parser@ /home/michael/.npm/9f665704-body-parser.lock
29 silly addNameRange { name: '–save', range: '*', hasData: false }
30 verbose request where is /–save
31 verbose request registry https://registry.npmjs.org/
32 verbose request id 108d0e1fa11ac154
33 verbose url raw /–save
34 verbose url resolving [ 'https://registry.npmjs.org/', './%E2%80%93save' ]
35 verbose url resolved https://registry.npmjs.org/%E2%80%93save
36 verbose request where is https://registry.npmjs.org/%E2%80%93save
37 info trying registry request attempt 1 at 19:44:57
38 http GET https://registry.npmjs.org/%E2%80%93save
39 silly addNameRange { name: 'body-parser', range: '*', hasData: false }
40 verbose request where is /body-parser
41 verbose request registry https://registry.npmjs.org/
42 verbose url raw /body-parser
43 verbose url resolving [ 'https://registry.npmjs.org/', './body-parser' ]
44 verbose url resolved https://registry.npmjs.org/body-parser
45 verbose request where is https://registry.npmjs.org/body-parser
46 info trying registry request attempt 1 at 19:44:57
47 verbose etag "F1XJQAAGBFIH6FZQ7GIF6IZ57"
48 http GET https://registry.npmjs.org/body-parser
49 http 304 https://registry.npmjs.org/body-parser
50 silly registry.get cb [ 304,
50 silly registry.get   { date: 'Tue, 10 Mar 2015 02:44:58 GMT',
50 silly registry.get     server: 'Apache',
50 silly registry.get     via: '1.1 varnish',
50 silly registry.get     'last-modified': 'Tue, 10 Mar 2015 02:44:58 GMT',
50 silly registry.get     'cache-control': 'max-age=60',
50 silly registry.get     etag: '"F1XJQAAGBFIH6FZQ7GIF6IZ57"',
50 silly registry.get     age: '45',
50 silly registry.get     'x-served-by': 'cache-lax1434-LAX',
50 silly registry.get     'x-cache': 'HIT',
50 silly registry.get     'x-cache-hits': '1',
50 silly registry.get     'x-timer': 'S1425955498.027668,VS0,VE0',
50 silly registry.get     vary: 'Accept',
50 silly registry.get     'content-length': '0',
50 silly registry.get     'keep-alive': 'timeout=10, max=50',
50 silly registry.get     connection: 'Keep-Alive' } ]
51 verbose etag https://registry.npmjs.org/body-parser from cache
52 silly addNameRange number 2 { name: 'body-parser', range: '*', hasData: true }
53 silly addNameRange versions [ 'body-parser',
53 silly addNameRange   [ '1.0.0',
53 silly addNameRange     '1.0.1',
53 silly addNameRange     '1.0.2',
53 silly addNameRange     '1.1.0',
53 silly addNameRange     '1.1.1',
53 silly addNameRange     '1.1.2',
53 silly addNameRange     '1.2.0',
53 silly addNameRange     '1.2.1',
53 silly addNameRange     '1.2.2',
53 silly addNameRange     '1.3.0',
53 silly addNameRange     '1.3.1',
53 silly addNameRange     '1.4.0',
53 silly addNameRange     '1.4.1',
53 silly addNameRange     '1.4.2',
53 silly addNameRange     '1.4.3',
53 silly addNameRange     '1.5.0',
53 silly addNameRange     '1.5.1',
53 silly addNameRange     '1.5.2',
53 silly addNameRange     '1.6.0',
53 silly addNameRange     '1.6.1',
53 silly addNameRange     '1.6.2',
53 silly addNameRange     '1.6.3',
53 silly addNameRange     '1.6.4',
53 silly addNameRange     '1.6.5',
53 silly addNameRange     '1.6.6',
53 silly addNameRange     '1.6.7',
53 silly addNameRange     '1.7.0',
53 silly addNameRange     '1.8.0',
53 silly addNameRange     '1.8.1',
53 silly addNameRange     '1.8.2',
53 silly addNameRange     '1.8.3',
53 silly addNameRange     '1.8.4',
53 silly addNameRange     '1.9.0',
53 silly addNameRange     '1.9.1',
53 silly addNameRange     '1.9.2',
53 silly addNameRange     '1.9.3',
53 silly addNameRange     '1.10.0',
53 silly addNameRange     '1.10.1',
53 silly addNameRange     '1.10.2',
53 silly addNameRange     '1.11.0',
53 silly addNameRange     '1.12.0' ] ]
54 verbose addNamed [ 'body-parser', '1.12.0' ]
55 verbose addNamed [ '1.12.0', '1.12.0' ]
56 silly lockFile 6c41bb2b-body-parser-1-12-0 body-parser@1.12.0
57 verbose lock body-parser@1.12.0 /home/michael/.npm/6c41bb2b-body-parser-1-12-0.lock
58 silly lockFile 6c41bb2b-body-parser-1-12-0 body-parser@1.12.0
59 silly lockFile 6c41bb2b-body-parser-1-12-0 body-parser@1.12.0
60 silly lockFile 9f665704-body-parser body-parser@
61 silly lockFile 9f665704-body-parser body-parser@
62 http 404 https://registry.npmjs.org/%E2%80%93save
63 verbose headers { date: 'Tue, 10 Mar 2015 02:44:58 GMT',
63 verbose headers   server: 'CouchDB/1.5.0 (Erlang OTP/R16B03)',
63 verbose headers   'content-type': 'application/json',
63 verbose headers   'cache-control': 'max-age=0',
63 verbose headers   'content-length': '52',
63 verbose headers   'accept-ranges': 'bytes',
63 verbose headers   via: '1.1 varnish',
63 verbose headers   age: '0',
63 verbose headers   'x-served-by': 'cache-lax1433-LAX',
63 verbose headers   'x-cache': 'MISS',
63 verbose headers   'x-cache-hits': '0',
63 verbose headers   'x-timer': 'S1425955498.011809,VS0,VE184',
63 verbose headers   'keep-alive': 'timeout=10, max=50',
63 verbose headers   connection: 'Keep-Alive' }
64 silly registry.get cb [ 404,
64 silly registry.get   { date: 'Tue, 10 Mar 2015 02:44:58 GMT',
64 silly registry.get     server: 'CouchDB/1.5.0 (Erlang OTP/R16B03)',
64 silly registry.get     'content-type': 'application/json',
64 silly registry.get     'cache-control': 'max-age=0',
64 silly registry.get     'content-length': '52',
64 silly registry.get     'accept-ranges': 'bytes',
64 silly registry.get     via: '1.1 varnish',
64 silly registry.get     age: '0',
64 silly registry.get     'x-served-by': 'cache-lax1433-LAX',
64 silly registry.get     'x-cache': 'MISS',
64 silly registry.get     'x-cache-hits': '0',
64 silly registry.get     'x-timer': 'S1425955498.011809,VS0,VE184',
64 silly registry.get     'keep-alive': 'timeout=10, max=50',
64 silly registry.get     connection: 'Keep-Alive' } ]
65 silly lockFile 0fa5ff4a-save –save@
66 silly lockFile 0fa5ff4a-save –save@
67 error 404 404 Not Found: %E2%80%93save
67 error 404
67 error 404 '%E2%80%93save' is not in the npm registry.
67 error 404 You should bug the author to publish it
67 error 404 It was specified as a dependency of 'simple-site'
67 error 404
67 error 404 Note that you can also install from a
67 error 404 tarball, folder, or http url, or git url.
68 error System Linux 3.13.0-46-generic
69 error command "/home/michael/.node/bin/node" "/home/michael/.node/bin/npm" "install" "–save" "body-parser"
70 error cwd /home/michael/Repository/CodeFellows/foundations-ii/simple-site
71 error node -v v0.10.36
72 error npm -v 1.4.28
73 error code E404
74 verbose exit [ 1, true ]
